[15:25:34] [ServerMain/INFO]: Environment: authHost='https://authserver.mojang.com', accountsHost='https://api.mojang.com', sessionHost='https://sessionserver.mojang.com', servicesHost='https://api.minecraftservices.com', name='PROD'
[15:25:36] [ServerMain/INFO]: Loaded 7 recipes
[15:25:38] [Server thread/INFO]: Starting minecraft server version 1.20
[15:25:38] [Server thread/INFO]: Loading properties
[15:25:38] [Server thread/INFO]: This server is running Paper version git-Paper-9 (MC: 1.20) (Implementing API version 1.20-R0.1-SNAPSHOT) (Git: 3722877)
[15:25:38] [Server thread/INFO]: Using 4 threads for Netty based IO
[15:25:38] [Server thread/INFO]: Server Ping Player Sample Count: 12
[15:25:38] [Server thread/WARN]: [!] The timings profiler has been enabled but has been scheduled for removal from Paper in the future.
    We recommend installing the spark profiler as a replacement: https://spark.lucko.me/
    For more information please visit: https://github.com/PaperMC/Paper/issues/8948
[15:25:38] [Server thread/INFO]: [ChunkTaskScheduler] Chunk system is using 1 I/O threads, 2 worker threads, and gen parallelism of 2 threads
[15:25:38] [Server thread/INFO]: Default game type: SURVIVAL
[15:25:38] [Server thread/INFO]: Generating keypair
[15:25:38] [Server thread/INFO]: Starting Minecraft server on 192.168.1.2:25565
[15:25:39] [Server thread/INFO]: Using default channel type
[15:25:39] [Server thread/INFO]: Paper: Using Java compression from Velocity.
[15:25:39] [Server thread/INFO]: Paper: Using Java cipher from Velocity.
[15:25:39] [Server thread/INFO]: Server permissions file permissions.yml is empty, ignoring it
[15:25:39] [Server thread/WARN]: **** SERVER IS RUNNING IN OFFLINE/INSECURE MODE!
[15:25:39] [Server thread/WARN]: The server will make no attempt to authenticate usernames. Beware.
[15:25:39] [Server thread/WARN]: While this makes the game possible to play without internet access, it also opens up the ability for hackers to connect with any username they choose.
[15:25:39] [Server thread/WARN]: To change this, set "online-mode" to "true" in the server.properties file.
[15:25:39] [Server thread/INFO]: Preparing level "world"
[15:25:39] [Server thread/INFO]: Preparing start region for dimension minecraft:overworld
[15:25:40] [Server thread/INFO]: Time elapsed: 313 ms
[15:25:40] [Server thread/INFO]: Preparing start region for dimension minecraft:the_nether
[15:25:40] [Server thread/INFO]: Time elapsed: 52 ms
[15:25:40] [Server thread/INFO]: Preparing start region for dimension minecraft:the_end
[15:25:40] [Server thread/INFO]: Time elapsed: 45 ms
[15:25:40] [Server thread/INFO]: Running delayed init tasks
[15:25:40] [Server thread/INFO]: Done (2.464s)! For help, type "help"
[15:25:40] [Server thread/INFO]: Timings Reset
[15:25:49] [Yggdrasil Key Fetcher/ERROR]: Failed to request yggdrasil public key
com.mojang.authlib.exceptions.AuthenticationUnavailableException: Cannot contact authentication server
	at com.mojang.authlib.yggdrasil.YggdrasilAuthenticationService.makeRequest(YggdrasilAuthenticationService.java:119) ~[authlib-4.0.43.jar:?]
	at com.mojang.authlib.yggdrasil.YggdrasilAuthenticationService.makeRequest(YggdrasilAuthenticationService.java:91) ~[authlib-4.0.43.jar:?]
	at com.mojang.authlib.yggdrasil.YggdrasilServicesKeyInfo.fetch(YggdrasilServicesKeyInfo.java:94) ~[authlib-4.0.43.jar:?]
	at com.mojang.authlib.yggdrasil.YggdrasilServicesKeyInfo.lambda$get$1(YggdrasilServicesKeyInfo.java:81) ~[authlib-4.0.43.jar:?]
	at java.util.concurrent.Executors$RunnableAdapter.call(Executors.java:577) ~[?:?]
	at java.util.concurrent.FutureTask.runAndReset(FutureTask.java:358) ~[?:?]
	at java.util.concurrent.ScheduledThreadPoolExecutor$ScheduledFutureTask.run(ScheduledThreadPoolExecutor.java:305) ~[?:?]
	at java.util.concurrent.ThreadPoolExecutor.runWorker(ThreadPoolExecutor.java:1144) ~[?:?]
	at java.util.concurrent.ThreadPoolExecutor$Worker.run(ThreadPoolExecutor.java:642) ~[?:?]
	at java.lang.Thread.run(Thread.java:1623) ~[?:?]
Caused by: java.net.SocketTimeoutException: Connect timed out
	at sun.nio.ch.NioSocketImpl.timedFinishConnect(NioSocketImpl.java:539) ~[?:?]
	at sun.nio.ch.NioSocketImpl.connect(NioSocketImpl.java:585) ~[?:?]
	at java.net.SocksSocketImpl.connect(SocksSocketImpl.java:327) ~[?:?]
	at java.net.Socket.connect(Socket.java:666) ~[?:?]
	at sun.security.ssl.SSLSocketImpl.connect(SSLSocketImpl.java:304) ~[?:?]
	at sun.net.NetworkClient.doConnect(NetworkClient.java:178) ~[?:?]
	at sun.net.www.http.HttpClient.openServer(HttpClient.java:532) ~[?:?]
	at sun.net.www.http.HttpClient.openServer(HttpClient.java:637) ~[?:?]
	at sun.net.www.protocol.https.HttpsClient.<init>(HttpsClient.java:264) ~[?:?]
	at sun.net.www.protocol.https.HttpsClient.New(HttpsClient.java:378) ~[?:?]
	at sun.net.www.protocol.https.AbstractDelegateHttpsURLConnection.getNewHttpClient(AbstractDelegateHttpsURLConnection.java:193) ~[?:?]
	at sun.net.www.protocol.http.HttpURLConnection.plainConnect0(HttpURLConnection.java:1286) ~[?:?]
	at sun.net.www.protocol.http.HttpURLConnection.plainConnect(HttpURLConnection.java:1127) ~[?:?]
	at sun.net.www.protocol.https.AbstractDelegateHttpsURLConnection.connect(AbstractDelegateHttpsURLConnection.java:179) ~[?:?]
	at sun.net.www.protocol.http.HttpURLConnection.getInputStream0(HttpURLConnection.java:1657) ~[?:?]
	at sun.net.www.protocol.http.HttpURLConnection.getInputStream(HttpURLConnection.java:1581) ~[?:?]
	at sun.net.www.protocol.https.HttpsURLConnectionImpl.getInputStream(HttpsURLConnectionImpl.java:224) ~[?:?]
	at com.mojang.authlib.HttpAuthenticationService.performGetRequest(HttpAuthenticationService.java:140) ~[authlib-4.0.43.jar:?]
	at com.mojang.authlib.yggdrasil.YggdrasilAuthenticationService.makeRequest(YggdrasilAuthenticationService.java:96) ~[authlib-4.0.43.jar:?]
	... 9 more
[15:26:40] [Server thread/INFO]: There are 0 of a max of 20 players online: 
[15:51:58] [User Authenticator #0/INFO]: UUID of player RosieIsMine is 561e2bd5-6dbf-3cb1-9c32-ecb59b2c42c6
[15:52:01] [Server thread/INFO]: RosieIsMine joined the game
[15:52:01] [Server thread/INFO]: RosieIsMine[/192.168.1.1:63974] logged in with entity id 51 at ([world]-963.7455058124593, 66.0, -363.995895196098)
[16:03:48] [Server thread/INFO]: RosieIsMine lost connection: Disconnected
[16:03:48] [Server thread/INFO]: RosieIsMine left the game
[16:03:49] [Server thread/INFO]: Stopping the server
[16:03:49] [Server thread/INFO]: Stopping server
[16:03:49] [Server thread/INFO]: Saving players
[16:03:49] [Server thread/INFO]: Saving worlds
[16:03:49] [Server thread/INFO]: Saving chunks for level 'ServerLevel[world]'/minecraft:overworld
[16:03:49] [Server thread/INFO]: [ChunkHolderManager] Waiting 60s for chunk system to halt for world 'world'
[16:03:49] [Server thread/INFO]: [ChunkHolderManager] Halted chunk system for world 'world'
[16:03:49] [Server thread/INFO]: [ChunkHolderManager] Saving all chunkholders for world 'world'
[16:03:50] [Server thread/INFO]: [ChunkHolderManager] Saved 0 block chunks, 42 entity chunks, 0 poi chunks in world 'world' in 0.02s
[16:03:50] [Server thread/INFO]: ThreadedAnvilChunkStorage (world): All chunks are saved
[16:03:50] [Server thread/INFO]: Saving chunks for level 'ServerLevel[world_nether]'/minecraft:the_nether
[16:03:50] [Server thread/INFO]: [ChunkHolderManager] Waiting 60s for chunk system to halt for world 'world_nether'
[16:03:50] [Server thread/INFO]: [ChunkHolderManager] Halted chunk system for world 'world_nether'
[16:03:50] [Server thread/INFO]: [ChunkHolderManager] Saving all chunkholders for world 'world_nether'
[16:03:50] [Server thread/INFO]: [ChunkHolderManager] Saved 0 block chunks, 20 entity chunks, 0 poi chunks in world 'world_nether' in 0.01s
[16:03:50] [Server thread/INFO]: ThreadedAnvilChunkStorage (DIM-1): All chunks are saved
[16:03:50] [Server thread/INFO]: Saving chunks for level 'ServerLevel[world_the_end]'/minecraft:the_end
[16:03:50] [Server thread/INFO]: [ChunkHolderManager] Waiting 60s for chunk system to halt for world 'world_the_end'
[16:03:50] [Server thread/INFO]: [ChunkHolderManager] Halted chunk system for world 'world_the_end'
[16:03:50] [Server thread/INFO]: [ChunkHolderManager] Saving all chunkholders for world 'world_the_end'
[16:03:50] [Server thread/INFO]: [ChunkHolderManager] Saved 1 block chunks, 0 entity chunks, 0 poi chunks in world 'world_the_end' in 0.00s
[16:03:50] [Server thread/INFO]: ThreadedAnvilChunkStorage (DIM1): All chunks are saved
[16:03:50] [Server thread/INFO]: ThreadedAnvilChunkStorage: All dimensions are saved
[16:03:50] [Server thread/INFO]: Flushing Chunk IO
[16:03:50] [Server thread/INFO]: Closing Thread Pool
[16:03:50] [Server thread/INFO]: Closing Server
